<?xml version="1.0" encoding="UTF-8"?>
<!-- Generated by org.testng.reporters.JUnitXMLReporter -->
<testsuite hostname="Sakib" name="FAS External Test" tests="4" failures="2" timestamp="26 Mar 2017 18:15:19 GMT" time="18.445" errors="0">
  <testcase name="Overview" time="10.678" classname="com.qtpselenium.hybrid.testcases.FAS_External_Test"/>
  <testcase name="Overview" time="1.771" classname="com.qtpselenium.hybrid.testcases.FAS_External_Test">
    <failure type="java.lang.AssertionError" message="Ticker not matched. expected -&amp;gt; Recover Your Accoun but actual -&amp;gt; Recover Your Account
CUSIP not matched. expected -&amp;gt; Sign up for Faceboo but actual -&amp;gt; Sign up for Facebook
 expected [true] but found [false]">
      <![CDATA[java.lang.AssertionError: Ticker not matched. expected -> Recover Your Accoun but actual -> Recover Your Account
CUSIP not matched. expected -> Sign up for Faceboo but actual -> Sign up for Facebook
 expected [true] but found [false]
	at com.qtpselenium.hybrid.testcases.FAS_External_Test.Overview(FAS_External_Test.java:65)
	at java.util.concurrent.FutureTask.run(FutureTask.java:266)
	at java.util.concurrent.ThreadPoolExecutor.runWorker(ThreadPoolExecutor.java:1142)
	at java.util.concurrent.ThreadPoolExecutor$Worker.run(ThreadPoolExecutor.java:617)
	at java.lang.Thread.run(Thread.java:745)
... Removed 19 stack frames]]>
    </failure>
  </testcase> <!-- Overview -->
  <testcase name="Portfolio" time="2.058" classname="com.qtpselenium.hybrid.testcases.FAS_External_Test"/>
  <testcase name="Portfolio" time="3.713" classname="com.qtpselenium.hybrid.testcases.FAS_External_Test">
    <failure type="java.lang.AssertionError" message="Ticker not matched. expected -&amp;gt; Recover Your Accoun but actual -&amp;gt; Recover Your Account
 expected [true] but found [false]">
      <![CDATA[java.lang.AssertionError: Ticker not matched. expected -> Recover Your Accoun but actual -> Recover Your Account
 expected [true] but found [false]
	at com.qtpselenium.hybrid.testcases.FAS_External_Test.Portfolio(FAS_External_Test.java:96)
	at java.util.concurrent.FutureTask.run(FutureTask.java:266)
	at java.util.concurrent.ThreadPoolExecutor.runWorker(ThreadPoolExecutor.java:1142)
	at java.util.concurrent.ThreadPoolExecutor$Worker.run(ThreadPoolExecutor.java:617)
	at java.lang.Thread.run(Thread.java:745)
... Removed 19 stack frames]]>
    </failure>
  </testcase> <!-- Portfolio -->
</testsuite> <!-- FAS External Test -->
