<?xml version="1.0" encoding="UTF-8"?>
<!-- Generated by org.testng.reporters.JUnitXMLReporter -->
<testsuite hostname="Sakib" name="All External" tests="8" failures="4" timestamp="26 Mar 2017 18:11:47 GMT" time="25.913" errors="0">
  <testcase name="Overview" time="11.156" classname="com.qtpselenium.hybrid.testcases.IIG_External_Test"/>
  <testcase name="Overview" time="2.605" classname="com.qtpselenium.hybrid.testcases.IIG_External_Test">
    <failure type="java.lang.AssertionError" message="Ticker not matched. expected -&amp;gt; Recover Your Accoun but actual -&amp;gt; Recover Your Account
CUSIP not matched. expected -&amp;gt; Sign up for Faceboo but actual -&amp;gt; Sign up for Facebook
 expected [true] but found [false]">
      <![CDATA[java.lang.AssertionError: Ticker not matched. expected -> Recover Your Accoun but actual -> Recover Your Account
CUSIP not matched. expected -> Sign up for Faceboo but actual -> Sign up for Facebook
 expected [true] but found [false]
	at com.qtpselenium.hybrid.testcases.IIG_External_Test.Overview(IIG_External_Test.java:58)
	at java.util.concurrent.ThreadPoolExecutor.runWorker(ThreadPoolExecutor.java:1142)
	at java.util.concurrent.ThreadPoolExecutor$Worker.run(ThreadPoolExecutor.java:617)
	at java.lang.Thread.run(Thread.java:745)
... Removed 13 stack frames]]>
    </failure>
  </testcase> <!-- Overview -->
  <testcase name="Portfolio" time="4.332" classname="com.qtpselenium.hybrid.testcases.IIG_External_Test"/>
  <testcase name="Overview" time="20.005" classname="com.qtpselenium.hybrid.testcases.FAS_External_Test"/>
  <testcase name="Overview" time="2.109" classname="com.qtpselenium.hybrid.testcases.FAS_External_Test">
    <failure type="java.lang.AssertionError" message="Ticker not matched. expected -&amp;gt; Recover Your Accoun but actual -&amp;gt; Recover Your Account
CUSIP not matched. expected -&amp;gt; Sign up for Faceboo but actual -&amp;gt; Sign up for Facebook
 expected [true] but found [false]">
      <![CDATA[java.lang.AssertionError: Ticker not matched. expected -> Recover Your Accoun but actual -> Recover Your Account
CUSIP not matched. expected -> Sign up for Faceboo but actual -> Sign up for Facebook
 expected [true] but found [false]
	at com.qtpselenium.hybrid.testcases.FAS_External_Test.Overview(FAS_External_Test.java:65)
	at java.util.concurrent.ThreadPoolExecutor.runWorker(ThreadPoolExecutor.java:1142)
	at java.util.concurrent.ThreadPoolExecutor$Worker.run(ThreadPoolExecutor.java:617)
	at java.lang.Thread.run(Thread.java:745)
... Removed 13 stack frames]]>
    </failure>
  </testcase> <!-- Overview -->
  <testcase name="Portfolio" time="1.854" classname="com.qtpselenium.hybrid.testcases.FAS_External_Test"/>
  <testcase name="Portfolio" time="6.712" classname="com.qtpselenium.hybrid.testcases.IIG_External_Test">
    <failure type="java.lang.AssertionError" message="Fail - not able to enter data in input box -Fas_Global_Pass expected [true] but found [false]">
      <![CDATA[java.lang.AssertionError: Fail - not able to enter data in input box -Fas_Global_Pass expected [true] but found [false]
	at com.qtpselenium.hybrid.util.Keywords.input(Keywords.java:212)
	at com.qtpselenium.hybrid.util.Keywords.executeKeywords(Keywords.java:80)
	at com.qtpselenium.hybrid.testcases.IIG_External_Test.Portfolio(IIG_External_Test.java:78)
	at java.util.concurrent.ThreadPoolExecutor.runWorker(ThreadPoolExecutor.java:1142)
	at java.util.concurrent.ThreadPoolExecutor$Worker.run(ThreadPoolExecutor.java:617)
	at java.lang.Thread.run(Thread.java:745)
... Removed 13 stack frames]]>
    </failure>
  </testcase> <!-- Portfolio -->
  <testcase name="Portfolio" time="1.773" classname="com.qtpselenium.hybrid.testcases.FAS_External_Test">
    <failure type="java.lang.AssertionError" message="Ticker not matched. expected -&amp;gt; Recover Your Accoun but actual -&amp;gt; Recover Your Account
 expected [true] but found [false]">
      <![CDATA[java.lang.AssertionError: Ticker not matched. expected -> Recover Your Accoun but actual -> Recover Your Account
 expected [true] but found [false]
	at com.qtpselenium.hybrid.testcases.FAS_External_Test.Portfolio(FAS_External_Test.java:96)
	at java.util.concurrent.ThreadPoolExecutor.runWorker(ThreadPoolExecutor.java:1142)
	at java.util.concurrent.ThreadPoolExecutor$Worker.run(ThreadPoolExecutor.java:617)
	at java.lang.Thread.run(Thread.java:745)
... Removed 13 stack frames]]>
    </failure>
  </testcase> <!-- Portfolio -->
</testsuite> <!-- All External -->
